<?xml version="1.0" encoding="UTF-8"?>
<!-- Generated by org.testng.reporters.JUnitReportReporter -->
<testsuite hostname="ADS63" name="exe.MDMAutomation" tests="5" failures="0" timestamp="27 Oct 2017 12:16:33 GMT" time="35.494" errors="0">
  <testcase name="entitySelection" time="4.310" classname="exe.MDMAutomation"/>
  <testcase name="createEntity" time="7.910" classname="exe.MDMAutomation"/>
  <testcase name="webTable" time="0.066" classname="exe.MDMAutomation"/>
  <testcase name="domainConfiguration" time="4.302" classname="exe.MDMAutomation"/>
  <testcase name="login" time="18.906" classname="exe.MDMAutomation"/>
</testsuite> <!-- exe.MDMAutomation -->
