<?xml version="1.0" encoding="UTF-8"?>
<!-- Generated by org.testng.reporters.JUnitReportReporter -->
<testsuite hostname="ADS63" name="exe.DetabaseTesting" tests="1" failures="0" timestamp="1 Nov 2017 04:27:18 GMT" time="0.018" errors="0">
  <testcase name="fetchData" time="0.018" classname="exe.DetabaseTesting"/>
</testsuite> <!-- exe.DetabaseTesting -->
